This is pdfTeX, Version 3.14159265-2.6-1.40.18 (TeX Live 2017) (preloaded format=latex 2017.5.23)  8 JUL 2017 15:31
entering extended mode
 restricted \write18 enabled.
 %&-line parsing enabled.
**rpt
(./rpt.tex
LaTeX2e <2017-04-15>
Babel <3.10> and hyphenation patterns for 84 language(s) loaded.
(./icga.cls
Document Class: icga 2004/11/08
ICGA Article class - derived from article 08/11/2004
(/usr/local/texlive/2017/texmf-dist/tex/latex/base/article.cls
Document Class: article 2014/09/29 v1.4h Standard LaTeX document class
(/usr/local/texlive/2017/texmf-dist/tex/latex/base/size10.clo
File: size10.clo 2014/09/29 v1.4h Standard LaTeX file (size option)
)
\c@part=\count79
\c@section=\count80
\c@subsection=\count81
\c@subsubsection=\count82
\c@paragraph=\count83
\c@subparagraph=\count84
\c@figure=\count85
\c@table=\count86
\abovecaptionskip=\skip41
\belowcaptionskip=\skip42
\bibindent=\dimen102
)
(/usr/local/texlive/2017/texmf-dist/tex/latex/base/ifthen.sty
Package: ifthen 2014/09/29 v1.1c Standard LaTeX ifthen package (DPC)
)
(/usr/local/texlive/2017/texmf-dist/tex/latex/psnfss/times.sty
Package: times 2005/04/12 PSNFSS-v9.2a (SPQR) 
)
(/usr/local/texlive/2017/texmf-dist/tex/latex/float/float.sty
Package: float 2001/11/08 v1.3d Float enhancements (AL)
\c@float@type=\count87
\float@exts=\toks14
\float@box=\box26
\@float@everytoks=\toks15
\@floatcapt=\box27
)
(/usr/local/texlive/2017/texmf-dist/tex/latex/fancyhdr/fancyhdr.sty
Package: fancyhdr 2016/09/06 3.8 Extensive control of page headers and footers
\fancy@headwidth=\skip43
\f@ncyO@elh=\skip44
\f@ncyO@erh=\skip45
\f@ncyO@olh=\skip46
\f@ncyO@orh=\skip47
\f@ncyO@elf=\skip48
\f@ncyO@erf=\skip49
\f@ncyO@olf=\skip50
\f@ncyO@orf=\skip51
)
(/usr/local/texlive/2017/texmf-dist/tex/latex/geometry/geometry.sty
Package: geometry 2010/09/12 v5.6 Page Geometry

(/usr/local/texlive/2017/texmf-dist/tex/latex/graphics/keyval.sty
Package: keyval 2014/10/28 v1.15 key=value parser (DPC)
\KV@toks@=\toks16
)
(/usr/local/texlive/2017/texmf-dist/tex/generic/oberdiek/ifpdf.sty
Package: ifpdf 2017/03/15 v3.2 Provides the ifpdf switch
)
(/usr/local/texlive/2017/texmf-dist/tex/generic/oberdiek/ifvtex.sty
Package: ifvtex 2016/05/16 v1.6 Detect VTeX and its facilities (HO)
Package ifvtex Info: VTeX not detected.
)
(/usr/local/texlive/2017/texmf-dist/tex/generic/ifxetex/ifxetex.sty
Package: ifxetex 2010/09/12 v0.6 Provides ifxetex conditional
)
\Gm@cnth=\count88
\Gm@cntv=\count89
\c@Gm@tempcnt=\count90
\Gm@bindingoffset=\dimen103
\Gm@wd@mp=\dimen104
\Gm@odd@mp=\dimen105
\Gm@even@mp=\dimen106
\Gm@layoutwidth=\dimen107
\Gm@layoutheight=\dimen108
\Gm@layouthoffset=\dimen109
\Gm@layoutvoffset=\dimen110
\Gm@dimlist=\toks17
))
(/usr/local/texlive/2017/texmf-dist/tex/latex/url/url.sty
\Urlmuskip=\muskip10
Package: url 2013/09/16  ver 3.4  Verb mode for urls, etc.
)
(/usr/local/texlive/2017/texmf-dist/tex/latex/graphics/graphicx.sty
Package: graphicx 2014/10/28 v1.0g Enhanced LaTeX Graphics (DPC,SPQR)

(/usr/local/texlive/2017/texmf-dist/tex/latex/graphics/graphics.sty
Package: graphics 2017/04/14 v1.1b Standard LaTeX Graphics (DPC,SPQR)

(/usr/local/texlive/2017/texmf-dist/tex/latex/graphics/trig.sty
Package: trig 2016/01/03 v1.10 sin cos tan (DPC)
)
(/usr/local/texlive/2017/texmf-dist/tex/latex/graphics-cfg/graphics.cfg
File: graphics.cfg 2016/06/04 v1.11 sample graphics configuration
)
Package graphics Info: Driver file: dvips.def on input line 99.

(/usr/local/texlive/2017/texmf-dist/tex/latex/graphics-def/dvips.def
File: dvips.def 2016/07/10 v3.1a Driver-dependent file (DPC,SPQR)
))
\Gin@req@height=\dimen111
\Gin@req@width=\dimen112
)
(./rpt.aux)
\openout1 = `rpt.aux'.

LaTeX Font Info:    Checking defaults for OML/cmm/m/it on input line 29.
LaTeX Font Info:    ... okay on input line 29.
LaTeX Font Info:    Checking defaults for T1/cmr/m/n on input line 29.
LaTeX Font Info:    ... okay on input line 29.
LaTeX Font Info:    Checking defaults for OT1/cmr/m/n on input line 29.
LaTeX Font Info:    ... okay on input line 29.
LaTeX Font Info:    Checking defaults for OMS/cmsy/m/n on input line 29.
LaTeX Font Info:    ... okay on input line 29.
LaTeX Font Info:    Checking defaults for OMX/cmex/m/n on input line 29.
LaTeX Font Info:    ... okay on input line 29.
LaTeX Font Info:    Checking defaults for U/cmr/m/n on input line 29.
LaTeX Font Info:    ... okay on input line 29.
LaTeX Font Info:    Try loading font information for OT1+ptm on input line 29.
 (/usr/local/texlive/2017/texmf-dist/tex/latex/psnfss/ot1ptm.fd
File: ot1ptm.fd 2001/06/04 font definitions for OT1/ptm.
)
*geometry* driver: auto-detecting
*geometry* detected driver: dvips
*geometry* verbose mode - [ preamble ] result:
* driver: dvips
* paper: a4paper
* layout: <same size as paper>
* layoutoffset:(h,v)=(0.0pt,0.0pt)
* modes: includehead includefoot twoside 
* h-part:(L,W,R)=(62.596pt, 449.55362pt, 85.35826pt)
* v-part:(T,H,B)=(51.21504pt, 721.562pt, 72.2698pt)
* \paperwidth=597.50787pt
* \paperheight=845.04684pt
* \textwidth=449.55362pt
* \textheight=684.562pt
* \oddsidemargin=-9.674pt
* \evensidemargin=13.08827pt
* \topmargin=-21.05495pt
* \headheight=12.0pt
* \headsep=25.0pt
* \topskip=10.0pt
* \footskip=0.0pt
* \marginparwidth=65.0pt
* \marginparsep=11.0pt
* \columnsep=10.0pt
* \skip\footins=9.0pt plus 4.0pt minus 2.0pt
* \hoffset=0.0pt
* \voffset=0.0pt
* \mag=1000
* \@twocolumnfalse
* \@twosidetrue
* \@mparswitchtrue
* \@reversemarginfalse
* (1in=72.27pt=25.4mm, 1cm=28.453pt)

LaTeX Font Info:    Font shape `OT1/ptm/bx/n' in size <12> not available
(Font)              Font shape `OT1/ptm/b/n' tried instead on input line 30.
LaTeX Font Info:    External font `cmex10' loaded for size
(Font)              <7> on input line 30.
LaTeX Font Info:    External font `cmex10' loaded for size
(Font)              <5> on input line 30.
LaTeX Font Info:    External font `cmex10' loaded for size
(Font)              <8> on input line 30.
LaTeX Font Info:    External font `cmex10' loaded for size
(Font)              <6> on input line 30.
File: photos/people-1.eps Graphic file (type eps)
<photos/people-1.eps>
LaTeX Font Info:    Font shape `OT1/ptm/bx/n' in size <10> not available
(Font)              Font shape `OT1/ptm/b/n' tried instead on input line 50.
 [999

]
LaTeX Font Info:    External font `cmex10' loaded for size
(Font)              <12> on input line 120.
LaTeX Font Info:    Try loading font information for OT1+pcr on input line 120.


(/usr/local/texlive/2017/texmf-dist/tex/latex/psnfss/ot1pcr.fd
File: ot1pcr.fd 2001/06/04 font definitions for OT1/pcr.
)
File: pix/11.mh1.eps Graphic file (type eps)

<pix/11.mh1.eps>
File: pix/11.hm2.eps Graphic file (type eps)
 <pix/11.hm2.eps>
File: pix/11.mh3.eps Graphic file (type eps)
 <pix/11.mh3.eps>
File: pix/11.hm4.eps Graphic file (type eps)
 <pix/11.hm4.eps>
File: pix/11.eh1.eps Graphic file (type eps)

<pix/11.eh1.eps>
File: pix/11.he2.eps Graphic file (type eps)
 <pix/11.he2.eps>
File: pix/11.eh3.eps Graphic file (type eps)
 <pix/11.eh3.eps>
File: pix/11.em1.eps Graphic file (type eps)
 <pix/11.em1.eps>
File: pix/11.me2.eps Graphic file (type eps)

<pix/11.me2.eps>
File: pix/11.em3.eps Graphic file (type eps)
 <pix/11.em3.eps>
File: pix/11.me4.eps Graphic file (type eps)
 <pix/11.me4.eps>
File: pix/11.me5.eps Graphic file (type eps)
 <pix/11.me5.eps>
File: pix/11.em6.eps Graphic file (type eps)

<pix/11.em6.eps>
File: pix/11.me7.eps Graphic file (type eps)
 <pix/11.me7.eps>
File: pix/11.em8.eps Graphic file (type eps)
 <pix/11.em8.eps>
File: pix/11.em9.eps Graphic file (type eps)
 <pix/11.em9.eps>
File: pix/11.me10.eps Graphic file (type eps)

<pix/11.me10.eps>
File: pix/11.me11.eps Graphic file (type eps)
 <pix/11.me11.eps>
File: pix/11.em12.eps Graphic file (type eps)
 <pix/11.em12.eps>
File: pix/13.hm1.eps Graphic file (type eps)
 <pix/13.hm1.eps>
File: pix/13.mh2.eps Graphic file (type eps)

<pix/13.mh2.eps>
File: pix/13.eh1.eps Graphic file (type eps)
 <pix/13.eh1.eps>
File: pix/13.he2.eps Graphic file (type eps)
 <pix/13.he2.eps>
File: pix/13.eh3.eps Graphic file (type eps)
 <pix/13.eh3.eps>
File: pix/13.he4.eps Graphic file (type eps)

<pix/13.he4.eps>
File: pix/13.me1.eps Graphic file (type eps)
 <pix/13.me1.eps>
File: pix/13.em2.eps Graphic file (type eps)
 <pix/13.em2.eps>
File: pix/13.me3.eps Graphic file (type eps)
 <pix/13.me3.eps>
File: pix/13.em4.eps Graphic file (type eps)

<pix/13.em4.eps>
File: pix/13.me5.eps Graphic file (type eps)
 <pix/13.me5.eps>
File: pix/13.em6.eps Graphic file (type eps)
 <pix/13.em6.eps>
File: pix/13.me7.eps Graphic file (type eps)
 <pix/13.me7.eps>
File: pix/13.em8.eps Graphic file (type eps)

<pix/13.em8.eps> [1000] [1001] [1002] (./rpt.bbl [1003]) [1004] (./rpt.aux) ) 
Here is how much of TeX's memory you used:
 1651 strings out of 492996
 21581 string characters out of 6132730
 94703 words of memory out of 5000000
 5175 multiletter control sequences out of 15000+600000
 13257 words of font info for 37 fonts, out of 8000000 for 9000
 1141 hyphenation exceptions out of 8191
 30i,11n,45p,369b,312s stack positions out of 5000i,500n,10000p,200000b,80000s

Output written on rpt.dvi (6 pages, 16324 bytes).
