This is pdfeTeX, Version 3.141592-1.21a-2.2 (Web2C 7.5.4) (format=latex 2007.3.12)  20 JUN 2016 13:33
entering extended mode
**rpt15long
(./rpt15long.tex
LaTeX2e <2003/12/01>
Babel <v3.8d> and hyphenation patterns for american, french, german, ngerman, b
ahasa, basque, bulgarian, catalan, croatian, czech, danish, dutch, esperanto, e
stonian, finnish, greek, icelandic, irish, italian, latin, magyar, norsk, polis
h, portuges, romanian, russian, serbian, slovak, slovene, spanish, swedish, tur
kish, ukrainian, nohyphenation, loaded.
(./icga.cls
Document Class: icga 2004/11/08
ICGA Article class - derived from article 08/11/2004
(/sw/share/texmf-dist/tex/latex/base/article.cls
Document Class: article 2004/02/16 v1.4f Standard LaTeX document class
(/sw/share/texmf-dist/tex/latex/base/size10.clo
File: size10.clo 2004/02/16 v1.4f Standard LaTeX file (size option)
)
\c@part=\count79
\c@section=\count80
\c@subsection=\count81
\c@subsubsection=\count82
\c@paragraph=\count83
\c@subparagraph=\count84
\c@figure=\count85
\c@table=\count86
\abovecaptionskip=\skip41
\belowcaptionskip=\skip42
\bibindent=\dimen102
)
(/sw/share/texmf-dist/tex/latex/base/ifthen.sty
Package: ifthen 2001/05/26 v1.1c Standard LaTeX ifthen package (DPC)
)
(/sw/share/texmf-dist/tex/latex/psnfss/times.sty
Package: times 2004/09/15 PSNFSS-v9.2 (SPQR) 
)
(/sw/share/texmf-dist/tex/latex/float/float.sty
Package: float 2001/11/08 v1.3d Float enhancements (AL)
\c@float@type=\count87
\float@exts=\toks14
\float@box=\box26
\@float@everytoks=\toks15
\@floatcapt=\box27
)
(/sw/share/texmf-dist/tex/latex/fancyhdr/fancyhdr.sty
\fancy@headwidth=\skip43
\f@ncyO@elh=\skip44
\f@ncyO@erh=\skip45
\f@ncyO@olh=\skip46
\f@ncyO@orh=\skip47
\f@ncyO@elf=\skip48
\f@ncyO@erf=\skip49
\f@ncyO@olf=\skip50
\f@ncyO@orf=\skip51
)
(/sw/share/texmf-dist/tex/latex/geometry/geometry.sty
Package: geometry 2002/07/08 v3.2 Page Geometry

(/sw/share/texmf-dist/tex/latex/graphics/keyval.sty
Package: keyval 1999/03/16 v1.13 key=value parser (DPC)
\KV@toks@=\toks16
)
\Gm@cnth=\count88
\Gm@cntv=\count89
\c@Gm@tempcnt=\count90
\Gm@bindingoffset=\dimen103
\Gm@wd@mp=\dimen104
\Gm@odd@mp=\dimen105
\Gm@even@mp=\dimen106
\Gm@dimlist=\toks17

(/sw/share/texmf-dist/tex/latex/geometry/geometry.cfg)))
(/sw/share/texmf-dist/tex/latex/graphics/graphicx.sty
Package: graphicx 1999/02/16 v1.0f Enhanced LaTeX Graphics (DPC,SPQR)

(/sw/share/texmf-dist/tex/latex/graphics/graphics.sty
Package: graphics 2001/07/07 v1.0n Standard LaTeX Graphics (DPC,SPQR)

(/sw/share/texmf-dist/tex/latex/graphics/trig.sty
Package: trig 1999/03/16 v1.09 sin cos tan (DPC)
)
(/sw/share/texmf-dist/tex/latex/graphics/graphics.cfg
File: graphics.cfg 2005/02/03 v1.3 graphics configuration of teTeX/TeXLive
)
Package graphics Info: Driver file: dvips.def on input line 80.

(/sw/share/texmf-dist/tex/latex/graphics/dvips.def
File: dvips.def 1999/02/16 v3.0i Driver-dependant file (DPC,SPQR)
))
\Gin@req@height=\dimen107
\Gin@req@width=\dimen108
) (./rpt15long.aux)
\openout1 = `rpt15long.aux'.

LaTeX Font Info:    Checking defaults for OML/cmm/m/it on input line 21.
LaTeX Font Info:    ... okay on input line 21.
LaTeX Font Info:    Checking defaults for T1/cmr/m/n on input line 21.
LaTeX Font Info:    ... okay on input line 21.
LaTeX Font Info:    Checking defaults for OT1/cmr/m/n on input line 21.
LaTeX Font Info:    ... okay on input line 21.
LaTeX Font Info:    Checking defaults for OMS/cmsy/m/n on input line 21.
LaTeX Font Info:    ... okay on input line 21.
LaTeX Font Info:    Checking defaults for OMX/cmex/m/n on input line 21.
LaTeX Font Info:    ... okay on input line 21.
LaTeX Font Info:    Checking defaults for U/cmr/m/n on input line 21.
LaTeX Font Info:    ... okay on input line 21.
LaTeX Font Info:    Try loading font information for OT1+ptm on input line 21.

(/sw/share/texmf-dist/tex/latex/psnfss/ot1ptm.fd
File: ot1ptm.fd 2001/06/04 font definitions for OT1/ptm.
)
-------------------- Geometry parameters
paper: a4paper
landscape: --
twocolumn: --
twoside: true
asymmetric: --
h-parts: 62.596pt, 449.55362pt, 85.35826pt
v-parts: 51.21504pt, 721.562pt, 72.2698pt
hmarginratio: --
vmarginratio: --
lines: --
heightrounded: --
bindingoffset: 0.0pt
truedimen: --
includehead: true
includefoot: true
includemp: --
driver: 
-------------------- Page layout dimensions and switches
\paperwidth  597.50787pt
\paperheight 845.04684pt
\textwidth  449.55362pt
\textheight 684.562pt
\oddsidemargin  -9.674pt
\evensidemargin 13.08827pt
\topmargin  -21.05495pt
\headheight 12.0pt
\headsep    25.0pt
\footskip   0.0pt
\marginparwidth 65.0pt
\marginparsep   11.0pt
\columnsep  10.0pt
\skip\footins  9.0pt plus 4.0pt minus 2.0pt
\hoffset 0.0pt
\voffset 0.0pt
\mag 1000
\@twosidetrue \@mparswitchtrue 
(1in=72.27pt, 1cm=28.45pt)
-----------------------
LaTeX Font Info:    Font shape `OT1/ptm/bx/n' in size <12> not available
(Font)              Font shape `OT1/ptm/b/n' tried instead on input line 22.
LaTeX Font Info:    External font `cmex10' loaded for size
(Font)              <7> on input line 22.
LaTeX Font Info:    External font `cmex10' loaded for size
(Font)              <5> on input line 22.
LaTeX Font Info:    External font `cmex10' loaded for size
(Font)              <8> on input line 22.
LaTeX Font Info:    External font `cmex10' loaded for size
(Font)              <6> on input line 22.
LaTeX Font Info:    Font shape `OT1/ptm/bx/n' in size <10> not available
(Font)              Font shape `OT1/ptm/b/n' tried instead on input line 29.
LaTeX Font Info:    External font `cmex10' loaded for size
(Font)              <12> on input line 106.
 [999

] [1000] (./rpt15long.bbl)
File: 1e-m.eps Graphic file (type eps)
 <1e-m.eps>
File: 2d-e.eps Graphic file (type eps)
 <2d-e.eps>
File: 3m-d.eps Graphic file (type eps)
 <3m-d.eps>
File: 4m-e.eps Graphic file (type eps)
 <4m-e.eps> [1001]
File: 5e-d.swap.eps Graphic file (type eps)
 <5e-d.swap.eps>
File: 6d-m.eps Graphic file (type eps)

<6d-m.eps>
File: 7e-m.eps Graphic file (type eps)
 <7e-m.eps>
File: 8d-e.eps Graphic file (type eps)
 <8d-e.eps>
File: 9m-d.eps Graphic file (type eps)
 <9m-d.eps>
File: 10m-e.eps Graphic file (type eps)
 <10m-e.eps>
File: 11e-d.eps Graphic file (type eps)
 <11e-d.eps>
File: 12d-m.eps Graphic file (type eps)

<12d-m.eps> [1002] [1003]
File: 13.01e-m.swap.eps Graphic file (type eps)
 <13.01e-m.swap.eps>
File: 13.02d-e.eps Graphic file (type eps)
 <13.02d-e.eps>
Overfull \hbox (19.53398pt too wide) in paragraph at lines 358--359
[][]| [] 
 []

File: 13.03m-d.swap.eps Graphic file (type eps)
<13.03m-d.swap.eps>
File: 13.04m-e.eps Graphic file (type eps)
 <13.04m-e.eps>
Overfull \hbox (19.53398pt too wide) in paragraph at lines 360--361
[][]| [] 
 []

File: 13.05e-d.swap.eps Graphic file (type eps)
<13.05e-d.swap.eps>
File: 13.06d-m.eps Graphic file (type eps)
 <13.06d-m.eps>
Overfull \hbox (19.53398pt too wide) in paragraph at lines 362--363
[][]| [] 
 []

File: 13.07e-m.eps Graphic file (type eps)
<13.07e-m.eps>
File: 13.08d-e.eps Graphic file (type eps)
 <13.08d-e.eps>
Overfull \hbox (19.53398pt too wide) in paragraph at lines 364--365
[][]| [] 
 []

File: 13.09m-d.swap.eps Graphic file (type eps)
<13.09m-d.swap.eps>
File: 13.10m-e.eps Graphic file (type eps)
 <13.10m-e.eps>
Overfull \hbox (19.53398pt too wide) in paragraph at lines 366--367
[][]| [] 
 []

[1004]
File: 13.11e-d.swap.eps Graphic file (type eps)
 <13.11e-d.swap.eps>
File: 13.12d-m.eps Graphic file (type eps)
 <13.12d-m.eps>
Overfull \hbox (19.53398pt too wide) in paragraph at lines 368--369
[][]| [] 
 []

File: 13.p01m-d.eps Graphic file (type eps)
<13.p01m-d.eps>
File: 13.p02d-m.swap.eps Graphic file (type eps)
 <13.p02d-m.swap.eps>
Overfull \hbox (19.53398pt too wide) in paragraph at lines 374--375
[][]| [] 
 []

[1005]
File: m-tony.swap.eps Graphic file (type eps)
 <m-tony.swap.eps>
File: tony-m.eps Graphic file (type eps)
 <tony-m.eps>
File: d-tony.eps Graphic file (type eps)
 <d-tony.eps>
File: tony-d.eps Graphic file (type eps)
 <tony-d.eps> [1006] [1007]
(./rpt15long.aux) ) 
Here is how much of TeX's memory you used:
 1284 strings out of 94501
 15994 string characters out of 1176137
 70425 words of memory out of 1000000
 4447 multiletter control sequences out of 10000+50000
 12825 words of font info for 35 fonts, out of 500000 for 2000
 580 hyphenation exceptions out of 1000
 30i,11n,45p,637b,252s stack positions out of 1500i,500n,5000p,200000b,5000s

Output written on rpt15long.dvi (9 pages, 20408 bytes).
